<?xml version="1.0" encoding="UTF-8"?>
<testsuite name="ru.alksndr.software.testing.addressbook.tests.GroupDeletionTests" tests="1" skipped="0" failures="0" errors="0" timestamp="2019-02-24T19:51:35" hostname="iMac-ALEXANDR.local" time="0.744">
  <properties/>
  <testcase name="testGroupDeletion" classname="ru.alksndr.software.testing.addressbook.tests.GroupDeletionTests" time="0.744"/>
  <system-out><![CDATA[22:51:35.228 [Test worker] INFO  r.a.s.t.addressbook.tests.TestBase - Start test testGroupDeletion with parameters []
]]></system-out>
  <system-err><![CDATA[]]></system-err>
</testsuite>
